<?xml version="1.0" encoding="UTF-8"?>
<testsuite xmlns:xsi="http://www.w3.org/2001/XMLSchema-instance" xsi:noNamespaceSchemaLocation="https://maven.apache.org/surefire/maven-surefire-plugin/xsd/surefire-test-report-3.0.xsd" version="3.0" name="TestSuite" time="111.748" tests="18" errors="0" skipped="0" failures="1">
  <properties>
[...]
</properties>
  <testcase name="verifyTitle" classname="demoTests.Tests.OneMapMobileTest" time="0.113">
    <system-out><![CDATA[OneMap launched successfully
]]></system-out>
    <system-err><![CDATA[SLF4J: Failed to load class "org.slf4j.impl.StaticLoggerBinder".
SLF4J: Defaulting to no-operation (NOP) logger implementation
SLF4J: See http://www.slf4j.org/codes.html#StaticLoggerBinder for further details.
]]></system-err>
  </testcase>
  <testcase name="testLogo" classname="demoTests.Tests.OneMapMobileTest" time="1.101">
    <system-out><![CDATA[Logo displayed successfully
]]></system-out>
  </testcase>
  <testcase name="communityLogo" classname="demoTests.Tests.OneMapMobileTest" time="0.139">
    <system-out><![CDATA[Community displayed successfully
]]></system-out>
  </testcase>
  <testcase name="schoolQueryInfo" classname="demoTests.Tests.OneMapMobileTest" time="0.125">
    <system-out><![CDATA[schoolQueryInfo displayed successfully
]]></system-out>
  </testcase>
  <testcase name="medical" classname="demoTests.Tests.OneMapMobileTest" time="0.025">
    <system-out><![CDATA[medical displayed successfully
]]></system-out>
  </testcase>
  <testcase name="hawkerCentre" classname="demoTests.Tests.OneMapMobileTest" time="0.152">
    <system-out><![CDATA[hawkerCentre displayed successfully
]]></system-out>
  </testcase>
  <testcase name="verifyTitle" classname="demoTests.Tests.OneMapUITest" time="0.008">
    <system-out><![CDATA[OneMap launched successfully
]]></system-out>
  </testcase>
  <testcase name="testLogo" classname="demoTests.Tests.OneMapUITest" time="0.626">
    <system-out><![CDATA[Logo displayed successfully
]]></system-out>
  </testcase>
  <testcase name="communityLogo" classname="demoTests.Tests.OneMapUITest" time="0.144">
    <system-out><![CDATA[Community displayed successfully
]]></system-out>
  </testcase>
  <testcase name="schoolQueryInfo" classname="demoTests.Tests.OneMapUITest" time="0.69">
    <system-out><![CDATA[schoolQueryInfo displayed successfully
]]></system-out>
  </testcase>
  <testcase name="medical" classname="demoTests.Tests.OneMapUITest" time="0.39">
    <system-out><![CDATA[medical displayed successfully
]]></system-out>
  </testcase>
  <testcase name="hawkerCentre" classname="demoTests.Tests.OneMapUITest" time="0.492">
    <system-out><![CDATA[hawkerCentre displayed successfully
]]></system-out>
  </testcase>
  <testcase name="testLogo_negative" classname="demoTests.Tests.OneMapUITest" time="20.586">
    <failure message="no such element: Unable to locate element: {&quot;method&quot;:&quot;xpath&quot;,&quot;selector&quot;:&quot;//img[@alt=&apos;OneMap_flase_logo&apos;]&quot;}&#10;  (Session info: chrome=129.0.6668.60)&#10;For documentation on this error, please visit: https://www.selenium.dev/documentation/webdriver/troubleshooting/errors#no-such-element-exception&#10;Build info: version: &apos;4.16.0&apos;, revision: &apos;15400459dd*&apos;&#10;System info: os.name: &apos;Windows 11&apos;, os.arch: &apos;amd64&apos;, os.version: &apos;10.0&apos;, java.version: &apos;20.0.2&apos;&#10;Driver info: org.openqa.selenium.chrome.ChromeDriver&#10;Command: [e4e1e50a0371ccd8fa91d5870c6b794e, findElement {using=xpath, value=//img[@alt=&apos;OneMap_flase_logo&apos;]}]&#10;Capabilities {acceptInsecureCerts: false, browserName: chrome, browserVersion: 129.0.6668.60, chrome: {chromedriverVersion: 129.0.6668.70 (df87d5cf12b1..., userDataDir: C:\Users\Sourav\AppData\Loc...}, fedcm:accounts: true, goog:chromeOptions: {debuggerAddress: localhost:65458}, networkConnectionEnabled: false, pageLoadStrategy: normal, platformName: windows, proxy: Proxy(), se:cdp: ws://localhost:65458/devtoo..., se:cdpVersion: 129.0.6668.60, setWindowRect: true, strictFileInteractability: false, timeouts: {implicit: 0, pageLoad: 300000, script: 30000}, unhandledPromptBehavior: dismiss and notify, webauthn:extension:credBlob: true, webauthn:extension:largeBlob: true, webauthn:extension:minPinLength: true, webauthn:extension:prf: true, webauthn:virtualAuthenticators: true}&#10;Session ID: e4e1e50a0371ccd8fa91d5870c6b794e" type="org.openqa.selenium.NoSuchElementException"><![CDATA[org.openqa.selenium.NoSuchElementException: 
no such element: Unable to locate element: {"method":"xpath","selector":"//img[@alt='OneMap_flase_logo']"}
  (Session info: chrome=129.0.6668.60)
For documentation on this error, please visit: https://www.selenium.dev/documentation/webdriver/troubleshooting/errors#no-such-element-exception
Build info: version: '4.16.0', revision: '15400459dd*'
System info: os.name: 'Windows 11', os.arch: 'amd64', os.version: '10.0', java.version: '20.0.2'
Driver info: org.openqa.selenium.chrome.ChromeDriver
Command: [e4e1e50a0371ccd8fa91d5870c6b794e, findElement {using=xpath, value=//img[@alt='OneMap_flase_logo']}]
Capabilities {acceptInsecureCerts: false, browserName: chrome, browserVersion: 129.0.6668.60, chrome: {chromedriverVersion: 129.0.6668.70 (df87d5cf12b1..., userDataDir: C:\Users\Sourav\AppData\Loc...}, fedcm:accounts: true, goog:chromeOptions: {debuggerAddress: localhost:65458}, networkConnectionEnabled: false, pageLoadStrategy: normal, platformName: windows, proxy: Proxy(), se:cdp: ws://localhost:65458/devtoo..., se:cdpVersion: 129.0.6668.60, setWindowRect: true, strictFileInteractability: false, timeouts: {implicit: 0, pageLoad: 300000, script: 30000}, unhandledPromptBehavior: dismiss and notify, webauthn:extension:credBlob: true, webauthn:extension:largeBlob: true, webauthn:extension:minPinLength: true, webauthn:extension:prf: true, webauthn:virtualAuthenticators: true}
Session ID: e4e1e50a0371ccd8fa91d5870c6b794e
	at java.base/jdk.internal.reflect.DirectConstructorHandleAccessor.newInstance(DirectConstructorHandleAccessor.java:67)
	at java.base/java.lang.reflect.Constructor.newInstanceWithCaller(Constructor.java:500)
	at java.base/java.lang.reflect.Constructor.newInstance(Constructor.java:484)
	at org.openqa.selenium.remote.codec.w3c.W3CHttpResponseCodec.createException(W3CHttpResponseCodec.java:200)
	at org.openqa.selenium.remote.codec.w3c.W3CHttpResponseCodec.decode(W3CHttpResponseCodec.java:133)
	at org.openqa.selenium.remote.codec.w3c.W3CHttpResponseCodec.decode(W3CHttpResponseCodec.java:52)
	at org.openqa.selenium.remote.HttpCommandExecutor.execute(HttpCommandExecutor.java:191)
	at org.openqa.selenium.remote.service.DriverCommandExecutor.invokeExecute(DriverCommandExecutor.java:200)
	at org.openqa.selenium.remote.service.DriverCommandExecutor.execute(DriverCommandExecutor.java:175)
	at org.openqa.selenium.remote.RemoteWebDriver.execute(RemoteWebDriver.java:523)
	at org.openqa.selenium.remote.ElementLocation$ElementFinder$2.findElement(ElementLocation.java:165)
	at org.openqa.selenium.remote.ElementLocation.findElement(ElementLocation.java:59)
	at org.openqa.selenium.remote.RemoteWebDriver.findElement(RemoteWebDriver.java:360)
	at org.openqa.selenium.remote.RemoteWebDriver.findElement(RemoteWebDriver.java:354)
	at org.openqa.selenium.support.pagefactory.DefaultElementLocator.findElement(DefaultElementLocator.java:68)
	at org.openqa.selenium.support.pagefactory.internal.LocatingElementHandler.invoke(LocatingElementHandler.java:38)
	at jdk.proxy2/jdk.proxy2.$Proxy11.isDisplayed(Unknown Source)
	at demoTests.Tests.OneMapUITest.testLogo_negative(OneMapUITest.java:94)
	at java.base/jdk.internal.reflect.DirectMethodHandleAccessor.invoke(DirectMethodHandleAccessor.java:104)
	at java.base/java.lang.reflect.Method.invoke(Method.java:578)
	at org.testng.internal.invokers.MethodInvocationHelper.invokeMethod(MethodInvocationHelper.java:139)
	at org.testng.internal.invokers.TestInvoker.invokeMethod(TestInvoker.java:664)
	at org.testng.internal.invokers.TestInvoker.invokeTestMethod(TestInvoker.java:228)
	at org.testng.internal.invokers.MethodRunner.runInSequence(MethodRunner.java:63)
	at org.testng.internal.invokers.TestInvoker$MethodInvocationAgent.invoke(TestInvoker.java:961)
	at org.testng.internal.invokers.TestInvoker.invokeTestMethods(TestInvoker.java:201)
	at org.testng.internal.invokers.TestMethodWorker.invokeTestMethods(TestMethodWorker.java:148)
	at org.testng.internal.invokers.TestMethodWorker.run(TestMethodWorker.java:128)
	at java.base/java.util.concurrent.Executors$RunnableAdapter.call(Executors.java:577)
	at java.base/java.util.concurrent.FutureTask.run(FutureTask.java:317)
	at org.testng.internal.thread.graph.TestNGFutureTask.run(TestNGFutureTask.java:22)
	at java.base/java.util.concurrent.ThreadPoolExecutor.runWorker(ThreadPoolExecutor.java:1144)
	at java.base/java.util.concurrent.ThreadPoolExecutor$Worker.run(ThreadPoolExecutor.java:642)
	at java.base/java.lang.Thread.run(Thread.java:1623)
]]></failure>
  </testcase>
  <testcase name="searchBar" classname="demoTests.Tests.OneMapUITest" time="4.527"/>
  <testcase name="verifySearch" classname="demoTests.Tests.OneMapUITest" time="0.912"/>
  <testcase name="navigateHere" classname="demoTests.Tests.OneMapUITest" time="0.49"/>
  <testcase name="originsearch" classname="demoTests.Tests.OneMapUITest" time="9.884"/>
  <testcase name="threeDimensionView" classname="demoTests.Tests.OneMapUITest" time="11.432"/>
</testsuite>