<?xml version="1.0" encoding="UTF-8"?>
<testng-results ignored="0" total="18" passed="17" failed="1" skipped="0">
  <reporter-output>
  </reporter-output>
  <suite started-at="2024-09-25T15:53:18 IST" name="Suite" finished-at="2024-09-25T15:54:36 IST" duration-ms="77949">
    <groups>
    </groups>
    <test started-at="2024-09-25T15:53:18 IST" name="Test" finished-at="2024-09-25T15:54:36 IST" duration-ms="77949">
      <class name="demoTests.Tests.OneMapMobileTest">
        <test-method is-config="true" signature="LaunchApplication()[pri:0, instance:demoTests.Tests.OneMapMobileTest@10cf09e8]" started-at="2024-09-25T15:53:18 IST" name="LaunchApplication" finished-at="2024-09-25T15:53:38 IST" duration-ms="19850" status="PASS">
          <reporter-output>
          </reporter-output>
        </test-method> <!-- LaunchApplication -->
        <test-method signature="verifyTitle()[pri:0, instance:demoTests.Tests.OneMapMobileTest@10cf09e8]" started-at="2024-09-25T15:53:45 IST" name="verifyTitle" finished-at="2024-09-25T15:53:45 IST" duration-ms="58" status="PASS">
          <reporter-output>
          </reporter-output>
        </test-method> <!-- verifyTitle -->
        <test-method signature="testLogo()[pri:1, instance:demoTests.Tests.OneMapMobileTest@10cf09e8]" started-at="2024-09-25T15:53:45 IST" name="testLogo" finished-at="2024-09-25T15:53:45 IST" duration-ms="133" status="PASS">
          <reporter-output>
          </reporter-output>
        </test-method> <!-- testLogo -->
        <test-method signature="communityLogo()[pri:2, instance:demoTests.Tests.OneMapMobileTest@10cf09e8]" started-at="2024-09-25T15:53:45 IST" name="communityLogo" finished-at="2024-09-25T15:53:45 IST" duration-ms="313" status="PASS">
          <reporter-output>
          </reporter-output>
        </test-method> <!-- communityLogo -->
        <test-method signature="schoolQueryInfo()[pri:3, instance:demoTests.Tests.OneMapMobileTest@10cf09e8]" started-at="2024-09-25T15:53:45 IST" name="schoolQueryInfo" finished-at="2024-09-25T15:53:46 IST" duration-ms="414" status="PASS">
          <reporter-output>
          </reporter-output>
        </test-method> <!-- schoolQueryInfo -->
        <test-method signature="medical()[pri:4, instance:demoTests.Tests.OneMapMobileTest@10cf09e8]" started-at="2024-09-25T15:53:46 IST" name="medical" finished-at="2024-09-25T15:53:46 IST" duration-ms="636" status="PASS">
          <reporter-output>
          </reporter-output>
        </test-method> <!-- medical -->
        <test-method signature="hawkerCentre()[pri:5, instance:demoTests.Tests.OneMapMobileTest@10cf09e8]" started-at="2024-09-25T15:53:46 IST" name="hawkerCentre" finished-at="2024-09-25T15:53:47 IST" duration-ms="242" status="PASS">
          <reporter-output>
          </reporter-output>
        </test-method> <!-- hawkerCentre -->
        <test-method is-config="true" signature="tearDown()[pri:0, instance:demoTests.Tests.OneMapMobileTest@10cf09e8]" started-at="2024-09-25T15:54:35 IST" name="tearDown" finished-at="2024-09-25T15:54:36 IST" duration-ms="428" status="PASS">
          <reporter-output>
          </reporter-output>
        </test-method> <!-- tearDown -->
      </class> <!-- demoTests.Tests.OneMapMobileTest -->
      <class name="demoTests.Tests.OneMapUITest">
        <test-method is-config="true" signature="LaunchApplication()[pri:0, instance:demoTests.Tests.OneMapUITest@73194df]" started-at="2024-09-25T15:53:38 IST" name="LaunchApplication" finished-at="2024-09-25T15:53:44 IST" duration-ms="6284" status="PASS">
          <reporter-output>
          </reporter-output>
        </test-method> <!-- LaunchApplication -->
        <test-method signature="verifyTitle()[pri:0, instance:demoTests.Tests.OneMapUITest@73194df]" started-at="2024-09-25T15:53:45 IST" name="verifyTitle" finished-at="2024-09-25T15:53:45 IST" duration-ms="264" status="PASS">
          <reporter-output>
          </reporter-output>
        </test-method> <!-- verifyTitle -->
        <test-method signature="testLogo()[pri:1, instance:demoTests.Tests.OneMapUITest@73194df]" started-at="2024-09-25T15:53:45 IST" name="testLogo" finished-at="2024-09-25T15:53:45 IST" duration-ms="403" status="PASS">
          <reporter-output>
          </reporter-output>
        </test-method> <!-- testLogo -->
        <test-method signature="communityLogo()[pri:2, instance:demoTests.Tests.OneMapUITest@73194df]" started-at="2024-09-25T15:53:46 IST" name="communityLogo" finished-at="2024-09-25T15:53:46 IST" duration-ms="714" status="PASS">
          <reporter-output>
          </reporter-output>
        </test-method> <!-- communityLogo -->
        <test-method signature="schoolQueryInfo()[pri:3, instance:demoTests.Tests.OneMapUITest@73194df]" started-at="2024-09-25T15:53:46 IST" name="schoolQueryInfo" finished-at="2024-09-25T15:53:47 IST" duration-ms="645" status="PASS">
          <reporter-output>
          </reporter-output>
        </test-method> <!-- schoolQueryInfo -->
        <test-method signature="medical()[pri:4, instance:demoTests.Tests.OneMapUITest@73194df]" started-at="2024-09-25T15:53:47 IST" name="medical" finished-at="2024-09-25T15:53:48 IST" duration-ms="623" status="PASS">
          <reporter-output>
          </reporter-output>
        </test-method> <!-- medical -->
        <test-method signature="hawkerCentre()[pri:5, instance:demoTests.Tests.OneMapUITest@73194df]" started-at="2024-09-25T15:53:48 IST" name="hawkerCentre" finished-at="2024-09-25T15:53:48 IST" duration-ms="673" status="PASS">
          <reporter-output>
          </reporter-output>
        </test-method> <!-- hawkerCentre -->
        <test-method signature="testLogo_negative()[pri:6, instance:demoTests.Tests.OneMapUITest@73194df]" started-at="2024-09-25T15:53:48 IST" name="testLogo_negative" finished-at="2024-09-25T15:54:08 IST" duration-ms="20118" status="FAIL">
          <exception class="org.openqa.selenium.NoSuchElementException">
            <message>
              <![CDATA[no such element: Unable to locate element: {"method":"xpath","selector":"//img[@alt='OneMap_flase_logo']"}
  (Session info: chrome=129.0.6668.60)
For documentation on this error, please visit: https://www.selenium.dev/documentation/webdriver/troubleshooting/errors#no-such-element-exception
Build info: version: '4.16.0', revision: '15400459dd*'
System info: os.name: 'Windows 11', os.arch: 'amd64', os.version: '10.0', java.version: '17.0.8.1'
Driver info: org.openqa.selenium.chrome.ChromeDriver
Command: [b815294f947abd90c3ab747d7e409337, findElement {using=xpath, value=//img[@alt='OneMap_flase_logo']}]
Capabilities {acceptInsecureCerts: false, browserName: chrome, browserVersion: 129.0.6668.60, chrome: {chromedriverVersion: 129.0.6668.70 (df87d5cf12b1..., userDataDir: C:\Users\Sourav\AppData\Loc...}, fedcm:accounts: true, goog:chromeOptions: {debuggerAddress: localhost:65103}, networkConnectionEnabled: false, pageLoadStrategy: normal, platformName: windows, proxy: Proxy(), se:cdp: ws://localhost:65103/devtoo..., se:cdpVersion: 129.0.6668.60, setWindowRect: true, strictFileInteractability: false, timeouts: {implicit: 0, pageLoad: 300000, script: 30000}, unhandledPromptBehavior: dismiss and notify, webauthn:extension:credBlob: true, webauthn:extension:largeBlob: true, webauthn:extension:minPinLength: true, webauthn:extension:prf: true, webauthn:virtualAuthenticators: true}
Session ID: b815294f947abd90c3ab747d7e409337]]>
            </message>
            <full-stacktrace>
              <![CDATA[org.openqa.selenium.NoSuchElementException: no such element: Unable to locate element: {"method":"xpath","selector":"//img[@alt='OneMap_flase_logo']"}
  (Session info: chrome=129.0.6668.60)
For documentation on this error, please visit: https://www.selenium.dev/documentation/webdriver/troubleshooting/errors#no-such-element-exception
Build info: version: '4.16.0', revision: '15400459dd*'
System info: os.name: 'Windows 11', os.arch: 'amd64', os.version: '10.0', java.version: '17.0.8.1'
Driver info: org.openqa.selenium.chrome.ChromeDriver
Command: [b815294f947abd90c3ab747d7e409337, findElement {using=xpath, value=//img[@alt='OneMap_flase_logo']}]
Capabilities {acceptInsecureCerts: false, browserName: chrome, browserVersion: 129.0.6668.60, chrome: {chromedriverVersion: 129.0.6668.70 (df87d5cf12b1..., userDataDir: C:\Users\Sourav\AppData\Loc...}, fedcm:accounts: true, goog:chromeOptions: {debuggerAddress: localhost:65103}, networkConnectionEnabled: false, pageLoadStrategy: normal, platformName: windows, proxy: Proxy(), se:cdp: ws://localhost:65103/devtoo..., se:cdpVersion: 129.0.6668.60, setWindowRect: true, strictFileInteractability: false, timeouts: {implicit: 0, pageLoad: 300000, script: 30000}, unhandledPromptBehavior: dismiss and notify, webauthn:extension:credBlob: true, webauthn:extension:largeBlob: true, webauthn:extension:minPinLength: true, webauthn:extension:prf: true, webauthn:virtualAuthenticators: true}
Session ID: b815294f947abd90c3ab747d7e409337
at java.base/jdk.internal.reflect.NativeConstructorAccessorImpl.newInstance0(Native Method)
at java.base/jdk.internal.reflect.NativeConstructorAccessorImpl.newInstance(NativeConstructorAccessorImpl.java:77)
at java.base/jdk.internal.reflect.DelegatingConstructorAccessorImpl.newInstance(DelegatingConstructorAccessorImpl.java:45)
at java.base/java.lang.reflect.Constructor.newInstanceWithCaller(Constructor.java:499)
at java.base/java.lang.reflect.Constructor.newInstance(Constructor.java:480)
at org.openqa.selenium.remote.codec.w3c.W3CHttpResponseCodec.createException(W3CHttpResponseCodec.java:200)
at org.openqa.selenium.remote.codec.w3c.W3CHttpResponseCodec.decode(W3CHttpResponseCodec.java:133)
at org.openqa.selenium.remote.codec.w3c.W3CHttpResponseCodec.decode(W3CHttpResponseCodec.java:52)
at org.openqa.selenium.remote.HttpCommandExecutor.execute(HttpCommandExecutor.java:191)
at org.openqa.selenium.remote.service.DriverCommandExecutor.invokeExecute(DriverCommandExecutor.java:200)
at org.openqa.selenium.remote.service.DriverCommandExecutor.execute(DriverCommandExecutor.java:175)
at org.openqa.selenium.remote.RemoteWebDriver.execute(RemoteWebDriver.java:523)
at org.openqa.selenium.remote.ElementLocation$ElementFinder$2.findElement(ElementLocation.java:165)
at org.openqa.selenium.remote.ElementLocation.findElement(ElementLocation.java:59)
at org.openqa.selenium.remote.RemoteWebDriver.findElement(RemoteWebDriver.java:360)
at org.openqa.selenium.remote.RemoteWebDriver.findElement(RemoteWebDriver.java:354)
at org.openqa.selenium.support.pagefactory.DefaultElementLocator.findElement(DefaultElementLocator.java:68)
at org.openqa.selenium.support.pagefactory.internal.LocatingElementHandler.invoke(LocatingElementHandler.java:38)
at jdk.proxy2/jdk.proxy2.$Proxy14.isDisplayed(Unknown Source)
at demoTests.Tests.OneMapUITest.testLogo_negative(OneMapUITest.java:94)
at java.base/jdk.internal.reflect.NativeMethodAccessorImpl.invoke0(Native Method)
at java.base/jdk.internal.reflect.NativeMethodAccessorImpl.invoke(NativeMethodAccessorImpl.java:77)
at java.base/jdk.internal.reflect.DelegatingMethodAccessorImpl.invoke(DelegatingMethodAccessorImpl.java:43)
at java.base/java.lang.reflect.Method.invoke(Method.java:568)
at org.testng.internal.MethodInvocationHelper.invokeMethod(MethodInvocationHelper.java:133)
at org.testng.internal.TestInvoker.invokeMethod(TestInvoker.java:598)
at org.testng.internal.TestInvoker.invokeTestMethod(TestInvoker.java:173)
at org.testng.internal.MethodRunner.runInSequence(MethodRunner.java:46)
at org.testng.internal.TestInvoker$MethodInvocationAgent.invoke(TestInvoker.java:824)
at org.testng.internal.TestInvoker.invokeTestMethods(TestInvoker.java:146)
at org.testng.internal.TestMethodWorker.invokeTestMethods(TestMethodWorker.java:146)
at org.testng.internal.TestMethodWorker.run(TestMethodWorker.java:128)
at java.base/java.util.concurrent.ThreadPoolExecutor.runWorker(ThreadPoolExecutor.java:1136)
at java.base/java.util.concurrent.ThreadPoolExecutor$Worker.run(ThreadPoolExecutor.java:635)
at java.base/java.lang.Thread.run(Thread.java:833)
]]>
            </full-stacktrace>
          </exception> <!-- org.openqa.selenium.NoSuchElementException -->
          <reporter-output>
          </reporter-output>
        </test-method> <!-- testLogo_negative -->
        <test-method signature="searchBar()[pri:7, instance:demoTests.Tests.OneMapUITest@73194df]" started-at="2024-09-25T15:54:09 IST" name="searchBar" finished-at="2024-09-25T15:54:13 IST" duration-ms="4562" status="PASS">
          <reporter-output>
          </reporter-output>
        </test-method> <!-- searchBar -->
        <test-method signature="verifySearch()[pri:8, instance:demoTests.Tests.OneMapUITest@73194df]" started-at="2024-09-25T15:54:13 IST" name="verifySearch" finished-at="2024-09-25T15:54:14 IST" duration-ms="512" status="PASS">
          <reporter-output>
          </reporter-output>
        </test-method> <!-- verifySearch -->
        <test-method signature="navigateHere()[pri:9, instance:demoTests.Tests.OneMapUITest@73194df]" started-at="2024-09-25T15:54:14 IST" name="navigateHere" finished-at="2024-09-25T15:54:15 IST" duration-ms="624" status="PASS">
          <reporter-output>
          </reporter-output>
        </test-method> <!-- navigateHere -->
        <test-method signature="originsearch()[pri:10, instance:demoTests.Tests.OneMapUITest@73194df]" started-at="2024-09-25T15:54:15 IST" name="originsearch" finished-at="2024-09-25T15:54:24 IST" duration-ms="9574" status="PASS">
          <reporter-output>
          </reporter-output>
        </test-method> <!-- originsearch -->
        <test-method signature="threeDimensionView()[pri:11, instance:demoTests.Tests.OneMapUITest@73194df]" started-at="2024-09-25T15:54:24 IST" name="threeDimensionView" finished-at="2024-09-25T15:54:35 IST" duration-ms="11026" status="PASS">
          <reporter-output>
          </reporter-output>
        </test-method> <!-- threeDimensionView -->
        <test-method is-config="true" signature="tearDown()[pri:0, instance:demoTests.Tests.OneMapUITest@73194df]" started-at="2024-09-25T15:54:36 IST" name="tearDown" finished-at="2024-09-25T15:54:36 IST" duration-ms="564" status="PASS">
          <reporter-output>
          </reporter-output>
        </test-method> <!-- tearDown -->
      </class> <!-- demoTests.Tests.OneMapUITest -->
    </test> <!-- Test -->
  </suite> <!-- Suite -->
</testng-results>
